<?xml version="1.0" encoding="UTF-8"?>
<!-- Generated by org.testng.reporters.JUnitXMLReporter -->
<testsuite ignored="2" hostname="LAPTOP-QKPK2TJ9" failures="0" tests="10" name="Surefire test" time="60.561" errors="0" timestamp="2024-08-11T04:52:02 CEST">
  <testcase classname="io.cucumber.testng.AbstractTestNGCucumberTests" name="runScenario" time="5.585"/>
  <testcase classname="io.cucumber.testng.AbstractTestNGCucumberTests" name="runScenario" time="4.279"/>
  <testcase classname="io.cucumber.testng.AbstractTestNGCucumberTests" name="runScenario" time="8.11"/>
  <testcase classname="io.cucumber.testng.AbstractTestNGCucumberTests" name="runScenario" time="8.033"/>
  <testcase classname="groupmart.Tests.LoginErrorValidationTest" name="incorrectEmail" time="0.435"/>
  <testcase classname="groupmart.Tests.LoginErrorValidationTest" name="incorrectLoginErrorValidation" time="0.415"/>
  <testcase classname="groupmart.Tests.SubmitOrderTest" name="submitOrder" time="4.147"/>
  <testcase classname="groupmart.Tests.SubmitOrderTest" name="submitOrder" time="4.129"/>
  <testcase classname="groupmart.Tests.SubmitOrderTest" name="productInOrderHistoryTest" time="0.773"/>
  <testcase classname="groupmart.Tests.SubmitOrderTest" name="productInOrderHistoryTest" time="0.782"/>
  <testcase classname="groupmart.TestComponents.BaseTest" name="@AfterTest dataCleaning" time="0.0">
    <ignored/>
  </testcase> <!-- @AfterTest dataCleaning -->
  <testcase classname="groupmart.TestComponents.BaseTest" name="@AfterTest dataCleaning" time="0.0">
    <ignored/>
  </testcase> <!-- @AfterTest dataCleaning -->
</testsuite> <!-- Surefire test -->
