<?xml version="1.0" encoding="UTF-8"?>
<!-- Generated by org.testng.reporters.JUnitXMLReporter -->
<testsuite ignored="0" hostname="LAPTOP-QKPK2TJ9" failures="0" tests="6" name="Default test" time="49.96" errors="0" timestamp="2024-08-11T10:11:40 CEST">
  <testcase classname="groupmart.Tests.LoginRegressionTest" name="ValidLoginCredentials" time="0.999"/>
  <testcase classname="groupmart.Tests.LoginRegressionTest" name="emptyEmailandPasswordField" time="0.677"/>
  <testcase classname="groupmart.Tests.LoginRegressionTest" name="incompleteEmail" time="0.624"/>
  <testcase classname="groupmart.Tests.LoginRegressionTest" name="incorrectEmail" time="0.787"/>
  <testcase classname="groupmart.Tests.LoginRegressionTest" name="incorrectLoginErrorValidation" time="0.854"/>
  <testcase classname="groupmart.Tests.LoginRegressionTest" name="incorrectPassword" time="0.942"/>
</testsuite> <!-- Default test -->
