<?xml version="1.0" encoding="UTF-8"?>
<!-- Generated by org.testng.reporters.JUnitXMLReporter -->
<testsuite ignored="0" hostname="LAPTOP-QKPK2TJ9" failures="0" tests="2" name="Login Error Validation Test" time="13.783" errors="0" timestamp="2024-06-30T16:48:41 CEST">
  <testcase classname="groupmart.Tests.LoginErrorValidationTest" name="incorrectEmail" time="0.694"/>
  <testcase classname="groupmart.Tests.LoginErrorValidationTest" name="incorrectLoginErrorValidation" time="0.706"/>
</testsuite> <!-- Login Error Validation Test -->
