<?xml version="1.0" encoding="UTF-8"?>
<!-- Generated by org.testng.reporters.JUnitXMLReporter -->
<testsuite ignored="5" hostname="LAPTOP-QKPK2TJ9" failures="0" tests="1" name="Default test(failed)(failed)" time="11.751" errors="0" timestamp="2024-08-11T10:00:36 CEST">
  <testcase classname="groupmart.Tests.LoginRegressionTest" name="ValidLoginCredentials" time="1.043"/>
  <testcase classname="groupmart.Tests.LoginRegressionTest" name="incorrectEmail" time="0.0">
    <ignored/>
  </testcase> <!-- incorrectEmail -->
  <testcase classname="groupmart.Tests.LoginRegressionTest" name="incorrectPassword" time="0.0">
    <ignored/>
  </testcase> <!-- incorrectPassword -->
  <testcase classname="groupmart.Tests.LoginRegressionTest" name="emptyEmailandPasswordField" time="0.0">
    <ignored/>
  </testcase> <!-- emptyEmailandPasswordField -->
  <testcase classname="groupmart.Tests.LoginRegressionTest" name="incorrectLoginErrorValidation" time="0.0">
    <ignored/>
  </testcase> <!-- incorrectLoginErrorValidation -->
  <testcase classname="groupmart.Tests.LoginRegressionTest" name="incompleteEmail" time="0.0">
    <ignored/>
  </testcase> <!-- incompleteEmail -->
</testsuite> <!-- Default test(failed)(failed) -->
