<?xml version="1.0" encoding="UTF-8"?>
<!-- Generated by org.testng.reporters.JUnitXMLReporter -->
<testsuite ignored="0" hostname="LAPTOP-QKPK2TJ9" failures="0" tests="2" name="Login Error Validation Test" time="9.915" errors="0" timestamp="2024-08-11T04:47:12 CEST">
  <testcase classname="groupmart.Tests.LoginErrorValidationTest" name="incorrectEmail" time="1.926"/>
  <testcase classname="groupmart.Tests.LoginErrorValidationTest" name="incorrectLoginErrorValidation" time="0.431"/>
</testsuite> <!-- Login Error Validation Test -->
