<?xml version="1.0" encoding="UTF-8"?>
<!-- Generated by org.testng.reporters.JUnitXMLReporter -->
<testsuite ignored="0" hostname="LAPTOP-QKPK2TJ9" failures="0" tests="2" name="Login Error Validation Test" time="11.7" errors="0" timestamp="2024-07-02T02:13:18 CEST">
  <testcase classname="groupmart.Tests.LoginErrorValidationTest" name="incorrectEmail" time="0.518"/>
  <testcase classname="groupmart.Tests.LoginErrorValidationTest" name="incorrectLoginErrorValidation" time="0.528"/>
</testsuite> <!-- Login Error Validation Test -->
