<?xml version="1.0" encoding="UTF-8"?>
<!-- Generated by org.testng.reporters.JUnitXMLReporter -->
<testsuite ignored="0" hostname="LAPTOP-QKPK2TJ9" failures="0" tests="6" name="Login Validation Test" time="49.015" errors="0" timestamp="2024-08-17T14:58:44 CEST">
  <testcase classname="groupmart.Tests.LoginRegressionTest" name="ValidLoginCredentials" time="1.689"/>
  <testcase classname="groupmart.Tests.LoginRegressionTest" name="emptyEmailandPasswordField" time="0.683"/>
  <testcase classname="groupmart.Tests.LoginRegressionTest" name="incompleteEmail" time="0.64"/>
  <testcase classname="groupmart.Tests.LoginRegressionTest" name="incorrectEmail" time="0.92"/>
  <testcase classname="groupmart.Tests.LoginRegressionTest" name="incorrectLoginErrorValidation" time="0.818"/>
  <testcase classname="groupmart.Tests.LoginRegressionTest" name="incorrectPassword" time="0.897"/>
</testsuite> <!-- Login Validation Test -->
