<?xml version="1.0" encoding="UTF-8"?>
<!-- Generated by org.testng.reporters.JUnitXMLReporter -->
<testsuite ignored="0" hostname="LAPTOP-QKPK2TJ9" failures="0" tests="4" name="Submit Order Test" time="28.97" errors="0" timestamp="2024-07-02T02:13:35 CEST">
  <testcase classname="groupmart.Tests.SubmitOrderTest" name="submitOrder" time="4.412"/>
  <testcase classname="groupmart.Tests.SubmitOrderTest" name="submitOrder" time="4.218"/>
  <testcase classname="groupmart.Tests.SubmitOrderTest" name="productInOrderHistoryTest" time="0.72"/>
  <testcase classname="groupmart.Tests.SubmitOrderTest" name="productInOrderHistoryTest" time="0.719"/>
</testsuite> <!-- Submit Order Test -->
