<?xml version="1.0" encoding="UTF-8"?>
<!-- Generated by org.testng.reporters.JUnitXMLReporter -->
<testsuite ignored="0" hostname="LAPTOP-QKPK2TJ9" failures="0" tests="4" name="Submit Order Test" time="60.153" errors="0" timestamp="2024-08-11T08:20:51 CEST">
  <testcase classname="groupmart.Tests.SubmitOrderTest" name="submitOrder" time="4.298"/>
  <testcase classname="groupmart.Tests.SubmitOrderTest" name="submitOrder" time="4.49"/>
  <testcase classname="groupmart.Tests.SubmitOrderTest" name="productInOrderHistoryTest" time="0.752"/>
  <testcase classname="groupmart.Tests.SubmitOrderTest" name="productInOrderHistoryTest" time="0.777"/>
</testsuite> <!-- Submit Order Test -->
