<?xml version="1.0" encoding="UTF-8"?>
<!-- Generated by org.testng.reporters.JUnitXMLReporter -->
<testsuite ignored="0" hostname="LAPTOP-QKPK2TJ9" failures="0" tests="4" name="Submit Order Test(failed)" time="33.319" errors="0" timestamp="2024-06-30T16:51:59 CEST">
  <testcase classname="groupmart.Tests.SubmitOrderTest" name="submitOrder" time="5.265"/>
  <testcase classname="groupmart.Tests.SubmitOrderTest" name="submitOrder" time="5.23"/>
  <testcase classname="groupmart.Tests.SubmitOrderTest" name="productInOrderHistoryTest" time="1.116"/>
  <testcase classname="groupmart.Tests.SubmitOrderTest" name="productInOrderHistoryTest" time="1.135"/>
</testsuite> <!-- Submit Order Test(failed) -->
