<?xml version="1.0" encoding="UTF-8"?>
<testng-results ignored="0" total="4" passed="4" failed="0" skipped="0">
  <reporter-output>
  </reporter-output>
  <suite started-at="2024-08-11T08:19:51 CEST" name="Suite" finished-at="2024-08-11T08:20:51 CEST" duration-ms="60153">
    <groups>
      <group name="LoginErrorHandling">
        <method signature="LoginRegressionTest.incorrectEmail()[pri:0, instance:groupmart.Tests.LoginRegressionTest@147e2ae7]" name="incorrectEmail" class="groupmart.Tests.LoginRegressionTest"/>
        <method signature="LoginRegressionTest.incorrectLoginErrorValidation(java.util.HashMap)[pri:0, instance:groupmart.Tests.LoginRegressionTest@147e2ae7]" name="incorrectLoginErrorValidation" class="groupmart.Tests.LoginRegressionTest"/>
      </group> <!-- LoginErrorHandling -->
    </groups>
    <test started-at="2024-08-11T08:19:51 CEST" name="Submit Order Test" finished-at="2024-08-11T08:20:51 CEST" duration-ms="60153">
      <class name="groupmart.Tests.SubmitOrderTest">
        <test-method is-config="true" signature="launchApp()[pri:0, instance:groupmart.Tests.SubmitOrderTest@29d80d2b]" started-at="2024-08-11T08:19:51 CEST" name="launchApp" finished-at="2024-08-11T08:19:56 CEST" duration-ms="4956" status="PASS">
          <reporter-output>
          </reporter-output>
        </test-method> <!-- launchApp -->
        <test-method signature="submitOrder(java.util.HashMap)[pri:0, instance:groupmart.Tests.SubmitOrderTest@29d80d2b]" started-at="2024-08-11T08:19:56 CEST" name="submitOrder" data-provider="getData" finished-at="2024-08-11T08:20:01 CEST" duration-ms="4298" status="PASS">
          <params>
            <param index="0">
              <value>
                <![CDATA[{password=Angoli1@, email=abc+2@jmail.com, productName=ADIDAS ORIGINAL}]]>
              </value>
            </param>
          </params>
          <reporter-output>
          </reporter-output>
        </test-method> <!-- submitOrder -->
        <test-method is-config="true" signature="teardown()[pri:0, instance:groupmart.Tests.SubmitOrderTest@29d80d2b]" started-at="2024-08-11T08:20:01 CEST" name="teardown" finished-at="2024-08-11T08:20:01 CEST" duration-ms="205" status="PASS">
          <reporter-output>
          </reporter-output>
        </test-method> <!-- teardown -->
        <test-method is-config="true" signature="launchApp()[pri:0, instance:groupmart.Tests.SubmitOrderTest@29d80d2b]" started-at="2024-08-11T08:20:01 CEST" name="launchApp" finished-at="2024-08-11T08:20:05 CEST" duration-ms="3862" status="PASS">
          <reporter-output>
          </reporter-output>
        </test-method> <!-- launchApp -->
        <test-method signature="submitOrder(java.util.HashMap)[pri:0, instance:groupmart.Tests.SubmitOrderTest@29d80d2b]" started-at="2024-08-11T08:20:05 CEST" name="submitOrder" data-provider="getData" finished-at="2024-08-11T08:20:09 CEST" duration-ms="4490" status="PASS">
          <params>
            <param index="0">
              <value>
                <![CDATA[{password=Abc123@#, email=abc+1@jmail.com, productName=ZARA COAT 3}]]>
              </value>
            </param>
          </params>
          <reporter-output>
          </reporter-output>
        </test-method> <!-- submitOrder -->
        <test-method is-config="true" signature="teardown()[pri:0, instance:groupmart.Tests.SubmitOrderTest@29d80d2b]" started-at="2024-08-11T08:20:09 CEST" name="teardown" finished-at="2024-08-11T08:20:09 CEST" duration-ms="207" status="PASS">
          <reporter-output>
          </reporter-output>
        </test-method> <!-- teardown -->
        <test-method is-config="true" signature="launchApp()[pri:0, instance:groupmart.Tests.SubmitOrderTest@29d80d2b]" started-at="2024-08-11T08:20:09 CEST" name="launchApp" finished-at="2024-08-11T08:20:13 CEST" duration-ms="4148" status="PASS">
          <reporter-output>
          </reporter-output>
        </test-method> <!-- launchApp -->
        <test-method signature="productInOrderHistoryTest(java.util.HashMap)[pri:0, instance:groupmart.Tests.SubmitOrderTest@29d80d2b]" started-at="2024-08-11T08:20:13 CEST" name="productInOrderHistoryTest" data-provider="getData" finished-at="2024-08-11T08:20:14 CEST" depends-on-methods="groupmart.Tests.SubmitOrderTest.submitOrder" duration-ms="752" status="PASS">
          <params>
            <param index="0">
              <value>
                <![CDATA[{password=Angoli1@, email=abc+2@jmail.com, productName=ADIDAS ORIGINAL}]]>
              </value>
            </param>
          </params>
          <reporter-output>
          </reporter-output>
        </test-method> <!-- productInOrderHistoryTest -->
        <test-method is-config="true" signature="teardown()[pri:0, instance:groupmart.Tests.SubmitOrderTest@29d80d2b]" started-at="2024-08-11T08:20:14 CEST" name="teardown" finished-at="2024-08-11T08:20:14 CEST" duration-ms="177" status="PASS">
          <reporter-output>
          </reporter-output>
        </test-method> <!-- teardown -->
        <test-method is-config="true" signature="launchApp()[pri:0, instance:groupmart.Tests.SubmitOrderTest@29d80d2b]" started-at="2024-08-11T08:20:14 CEST" name="launchApp" finished-at="2024-08-11T08:20:18 CEST" duration-ms="3743" status="PASS">
          <reporter-output>
          </reporter-output>
        </test-method> <!-- launchApp -->
        <test-method signature="productInOrderHistoryTest(java.util.HashMap)[pri:0, instance:groupmart.Tests.SubmitOrderTest@29d80d2b]" started-at="2024-08-11T08:20:18 CEST" name="productInOrderHistoryTest" data-provider="getData" finished-at="2024-08-11T08:20:19 CEST" depends-on-methods="groupmart.Tests.SubmitOrderTest.submitOrder" duration-ms="777" status="PASS">
          <params>
            <param index="0">
              <value>
                <![CDATA[{password=Abc123@#, email=abc+1@jmail.com, productName=ZARA COAT 3}]]>
              </value>
            </param>
          </params>
          <reporter-output>
          </reporter-output>
        </test-method> <!-- productInOrderHistoryTest -->
        <test-method is-config="true" signature="teardown()[pri:0, instance:groupmart.Tests.SubmitOrderTest@29d80d2b]" started-at="2024-08-11T08:20:19 CEST" name="teardown" finished-at="2024-08-11T08:20:19 CEST" duration-ms="193" status="PASS">
          <reporter-output>
          </reporter-output>
        </test-method> <!-- teardown -->
        <test-method is-config="true" signature="dataCleaning()[pri:0, instance:groupmart.Tests.SubmitOrderTest@29d80d2b]" started-at="2024-08-11T08:20:19 CEST" name="dataCleaning" finished-at="2024-08-11T08:20:51 CEST" duration-ms="32096" status="PASS">
          <reporter-output>
          </reporter-output>
        </test-method> <!-- dataCleaning -->
      </class> <!-- groupmart.Tests.SubmitOrderTest -->
    </test> <!-- Submit Order Test -->
  </suite> <!-- Suite -->
</testng-results>
